<?xml version="1.0" encoding="UTF-8"?>
<testsuite name="edu.cmu.cs.cs214.hw4.core.TileGeneratorTest" tests="1" skipped="0" failures="0" errors="0" timestamp="2020-03-22T00:25:58" hostname="Ningyangs-MacBook-Pro-3.local" time="0.002">
  <properties/>
  <testcase name="getShuffledList" classname="edu.cmu.cs.cs214.hw4.core.TileGeneratorTest" time="0.002"/>
  <system-out><![CDATA[]]></system-out>
  <system-err><![CDATA[]]></system-err>
</testsuite>
